<?xml version="1.0" encoding="UTF-8"?>
<testng-results ignored="0" total="1" passed="1" failed="0" skipped="0">
  <reporter-output>
  </reporter-output>
  <suite started-at="2019-11-10T16:14:13 PST" name="Default suite" finished-at="2019-11-10T16:14:40 PST" duration-ms="27002">
    <groups>
    </groups>
    <test started-at="2019-11-10T16:14:13 PST" name="Default test" finished-at="2019-11-10T16:14:40 PST" duration-ms="27002">
      <class name="demoSelenium.SalesForce">
        <test-method is-config="true" signature="setupDriver()[pri:0, instance:demoSelenium.SalesForce@60611244]" started-at="2019-11-10T16:14:13 PST" name="setupDriver" finished-at="2019-11-10T16:14:35 PST" duration-ms="22068" status="PASS">
          <reporter-output>
          </reporter-output>
        </test-method> <!-- setupDriver -->
        <test-method signature="TC01_loginErrorMessage()[pri:1, instance:demoSelenium.SalesForce@60611244]" started-at="2019-11-10T16:14:35 PST" name="TC01_loginErrorMessage" finished-at="2019-11-10T16:14:39 PST" duration-ms="3343" status="PASS">
          <reporter-output>
          </reporter-output>
        </test-method> <!-- TC01_loginErrorMessage -->
        <test-method is-config="true" signature="closing()[pri:0, instance:demoSelenium.SalesForce@60611244]" started-at="2019-11-10T16:14:39 PST" name="closing" finished-at="2019-11-10T16:14:40 PST" duration-ms="1539" status="PASS">
          <reporter-output>
          </reporter-output>
        </test-method> <!-- closing -->
      </class> <!-- demoSelenium.SalesForce -->
    </test> <!-- Default test -->
  </suite> <!-- Default suite -->
</testng-results>
